0 info it worked if it ends with ok
1 verbose cli [ '/usr/bin/node', '/usr/local/bin/npm', 'start' ]
2 info using npm@3.10.5
3 info using node@v4.6.0
4 verbose run-script [ 'prestart', 'start', 'poststart' ]
5 info lifecycle BTC@1.0.0~prestart: BTC@1.0.0
6 silly lifecycle BTC@1.0.0~prestart: no script for prestart, continuing
7 info lifecycle BTC@1.0.0~start: BTC@1.0.0
8 verbose lifecycle BTC@1.0.0~start: unsafe-perm in lifecycle true
9 verbose lifecycle BTC@1.0.0~start: PATH: /usr/local/lib/node_modules/npm/bin/node-gyp-bin:/media/Internal/ProgrammingProjects/BTC/node_modules/.bin:/usr/bin:/home/wilsonator/android-sdk-linux/tools:/home/wilsonator/android-sdk-linux/platform-tools:/media/Internal/android-sdk/tools:/media/Internal/android-sdk/platform-tools:/media/Internal/android-sdk/tools:/media/Internal/android-sdk/platform-tools:/usr/local/sbin:/usr/local/bin:/usr/sbin:/usr/bin:/sbin:/bin:/usr/games:/usr/local/games
10 verbose lifecycle BTC@1.0.0~start: CWD: /media/Internal/ProgrammingProjects/BTC
11 silly lifecycle BTC@1.0.0~start: Args: [ '-c', 'webpack && cordova run browser --target=firefox' ]
12 silly lifecycle BTC@1.0.0~start: Returned: code: 1  signal: null
13 info lifecycle BTC@1.0.0~start: Failed to exec start script
14 verbose stack Error: BTC@1.0.0 start: `webpack && cordova run browser --target=firefox`
14 verbose stack Exit status 1
14 verbose stack     at EventEmitter.<anonymous> (/usr/local/lib/node_modules/npm/lib/utils/lifecycle.js:242:16)
14 verbose stack     at emitTwo (events.js:87:13)
14 verbose stack     at EventEmitter.emit (events.js:172:7)
14 verbose stack     at ChildProcess.<anonymous> (/usr/local/lib/node_modules/npm/lib/utils/spawn.js:40:14)
14 verbose stack     at emitTwo (events.js:87:13)
14 verbose stack     at ChildProcess.emit (events.js:172:7)
14 verbose stack     at maybeClose (internal/child_process.js:829:16)
14 verbose stack     at Process.ChildProcess._handle.onexit (internal/child_process.js:211:5)
15 verbose pkgid BTC@1.0.0
16 verbose cwd /media/Internal/ProgrammingProjects/BTC
17 error Linux 3.16.0-38-generic
18 error argv "/usr/bin/node" "/usr/local/bin/npm" "start"
19 error node v4.6.0
20 error npm  v3.10.5
21 error code ELIFECYCLE
22 error BTC@1.0.0 start: `webpack && cordova run browser --target=firefox`
22 error Exit status 1
23 error Failed at the BTC@1.0.0 start script 'webpack && cordova run browser --target=firefox'.
23 error Make sure you have the latest version of node.js and npm installed.
23 error If you do, this is most likely a problem with the BTC package,
23 error not with npm itself.
23 error Tell the author that this fails on your system:
23 error     webpack && cordova run browser --target=firefox
23 error You can get information on how to open an issue for this project with:
23 error     npm bugs BTC
23 error Or if that isn't available, you can get their info via:
23 error     npm owner ls BTC
23 error There is likely additional logging output above.
24 verbose exit [ 1, true ]
